  BaseApp.cpp
  Actor.cpp
  GalvanEngine.cpp
  ShapeFactory.cpp
  Window.cpp
D:\GITHUB\GalvanEngine\GalvanEngine\include\ShapeFactory.h(14,28): warning C4100: 'shapeType': parámetro formal sin referencia
  (compilando archivo de origen "src/BaseApp.cpp")
  
D:\GITHUB\GalvanEngine\GalvanEngine\include\ShapeFactory.h(25,18): warning C4100: 'deltaTime': parámetro formal sin referencia
  (compilando archivo de origen "src/BaseApp.cpp")
  
D:\GITHUB\GalvanEngine\GalvanEngine\include\ShapeFactory.h(14,28): warning C4100: 'shapeType': parámetro formal sin referencia
  (compilando archivo de origen "src/ECS/Actor.cpp")
  
D:\GITHUB\GalvanEngine\GalvanEngine\include\ShapeFactory.h(25,18): warning C4100: 'deltaTime': parámetro formal sin referencia
  (compilando archivo de origen "src/ECS/Actor.cpp")
  
D:\GITHUB\GalvanEngine\GalvanEngine\src\ECS\Actor.cpp(19,21): warning C4100: 'deltaTime': parámetro formal sin referencia
D:\GITHUB\GalvanEngine\GalvanEngine\include\ShapeFactory.h(14,28): warning C4100: 'shapeType': parámetro formal sin referencia
  (compilando archivo de origen "src/GalvanEngine.cpp")
  
D:\GITHUB\GalvanEngine\GalvanEngine\include\ShapeFactory.h(25,18): warning C4100: 'deltaTime': parámetro formal sin referencia
  (compilando archivo de origen "src/GalvanEngine.cpp")
  
D:\GITHUB\GalvanEngine\GalvanEngine\include\ShapeFactory.h(14,28): warning C4100: 'shapeType': parámetro formal sin referencia
  (compilando archivo de origen "src/ShapeFactory.cpp")
  
D:\GITHUB\GalvanEngine\GalvanEngine\include\ShapeFactory.h(25,18): warning C4100: 'deltaTime': parámetro formal sin referencia
  (compilando archivo de origen "src/ShapeFactory.cpp")
  
D:\GITHUB\GalvanEngine\GalvanEngine\src\Window.cpp(76,1): warning C4702: no se puede tener acceso al código
D:\GITHUB\GalvanEngine\GalvanEngine\src\Window.cpp(55,1): warning C4702: no se puede tener acceso al código
D:\GITHUB\GalvanEngine\GalvanEngine\src\BaseApp.cpp(26,1): warning C4702: no se puede tener acceso al código
  GalvanEngine.vcxproj -> D:\GITHUB\GalvanEngine\bin\x64\GalvanEngine_d.exe
