  UserInterface.cpp
  main.cpp
  BaseApp.cpp
  Actor.cpp
  ZPK.cpp
  ShapeFactory.cpp
  Window.cpp
D:\GITHUB\ZPK\GalvanEngine\src\ECS\Actor.cpp(1,10): error C1083: No se puede abrir el archivo incluir: 'Actor.h': No such file or directory
D:\GITHUB\ZPK\GalvanEngine\include\Prerequisites.h(19,10): error C1083: No se puede abrir el archivo incluir: 'Vectors/Vector2.h': No such file or directory
  (compilando archivo de origen "UserInterface.cpp")
  
D:\GITHUB\ZPK\GalvanEngine\include\Prerequisites.h(19,10): error C1083: No se puede abrir el archivo incluir: 'Vectors/Vector2.h': No such file or directory
  (compilando archivo de origen "main.cpp")
  
D:\GITHUB\ZPK\GalvanEngine\include\Prerequisites.h(19,10): error C1083: No se puede abrir el archivo incluir: 'Vectors/Vector2.h': No such file or directory
  (compilando archivo de origen "src/ZPK.cpp")
  
D:\GITHUB\ZPK\GalvanEngine\include\Prerequisites.h(19,10): error C1083: No se puede abrir el archivo incluir: 'Vectors/Vector2.h': No such file or directory
  (compilando archivo de origen "src/BaseApp.cpp")
  
D:\GITHUB\ZPK\GalvanEngine\include\Prerequisites.h(19,10): error C1083: No se puede abrir el archivo incluir: 'Vectors/Vector2.h': No such file or directory
  (compilando archivo de origen "src/ShapeFactory.cpp")
  
D:\GITHUB\ZPK\GalvanEngine\include\Prerequisites.h(19,10): error C1083: No se puede abrir el archivo incluir: 'Vectors/Vector2.h': No such file or directory
  (compilando archivo de origen "src/Window.cpp")
  
