d:\github\zpk\intermediate\zpk\x64\debug\baseapp.obj
d:\github\zpk\intermediate\zpk\x64\debug\actor.obj
d:\github\zpk\intermediate\zpk\x64\debug\shapefactory.obj
d:\github\zpk\intermediate\zpk\x64\debug\window.obj
d:\github\zpk\intermediate\zpk\x64\debug\zpk.obj
d:\github\zpk\intermediate\zpk\x64\debug\vc143.pdb
d:\github\zpk\bin\x64\zpk_d.exe
d:\github\zpk\bin\x64\zpk_d.pdb
d:\github\zpk\intermediate\zpk\x64\debug\zpk_d.ilk
d:\github\zpk\intermediate\zpk\x64\debug\vc143.idb
d:\github\zpk\bin/x64/zpk_d.pdb
d:\github\zpk\intermediate/zpk/x64/debug/galvanengine.vcxproj.filelistabsolute.txt
d:\github\zpk\intermediate\zpk\x64\debug\zpk.tlog\cl.26440.write.1.tlog
d:\github\zpk\intermediate\zpk\x64\debug\zpk.tlog\cl.command.1.tlog
d:\github\zpk\intermediate\zpk\x64\debug\zpk.tlog\cl.items.tlog
d:\github\zpk\intermediate\zpk\x64\debug\zpk.tlog\cl.read.1.tlog
d:\github\zpk\intermediate\zpk\x64\debug\zpk.tlog\link.command.1.tlog
d:\github\zpk\intermediate\zpk\x64\debug\zpk.tlog\link.read.1.tlog
d:\github\zpk\intermediate\zpk\x64\debug\zpk.tlog\link.secondary.1.tlog
d:\github\zpk\intermediate\zpk\x64\debug\zpk.tlog\link.write.1.tlog
